Starting release scheduler at Fri Mar  7 17:08:03 CST 2025
Waiting for release time... Current time: 17:08
Waiting for release time... Current time: 17:09
Starting release scheduler at Fri Mar  7 17:11:27 CST 2025
Waiting for release time... Current time: 17:11
Waiting for release time... Current time: 17:12
Waiting for release time... Current time: 17:13
Waiting for release time... Current time: 17:14
Waiting for release time... Current time: 17:15
Waiting for release time... Current time: 17:16
Waiting for release time... Current time: 17:17
Waiting for release time... Current time: 17:18
Waiting for release time... Current time: 17:19
Waiting for release time... Current time: 17:20
Waiting for release time... Current time: 17:21
Waiting for release time... Current time: 17:22
Waiting for release time... Current time: 17:23
Waiting for release time... Current time: 17:24
Waiting for release time... Current time: 17:25
Waiting for release time... Current time: 17:26
Waiting for release time... Current time: 17:27
Waiting for release time... Current time: 17:28
Waiting for release time... Current time: 17:29
Starting release process at Fri Mar  7 17:30:28 CST 2025
./schedule_release.sh: line 24: ./release.sh: No such file or directory
Release process completed at Fri Mar  7 17:30:28 CST 2025
Waiting for release time... Current time: 17:31
Starting release scheduler at Fri Mar  7 17:33:15 CST 2025
Waiting for release time... Current time: 17:33
Starting release scheduler at Fri Mar  7 17:34:10 CST 2025
Waiting for release time... Current time: 17:34
Starting release process at Fri Mar  7 17:35:10 CST 2025
./schedule_release.sh: line 28: ./release.sh: No such file or directory
Release process completed at Fri Mar  7 17:35:10 CST 2025
Scheduler will now exit.
